c:\users\david\desktop\ogl_tutorials\ogl_tutorials\asteroids\debug\vc140.pdb
c:\users\david\desktop\ogl_tutorials\ogl_tutorials\asteroids\debug\vc140.idb
c:\users\david\desktop\ogl_tutorials\ogl_tutorials\asteroids\debug\asteroids.obj
c:\users\david\desktop\ogl_tutorials\ogl_tutorials\asteroids\debug\bullet.obj
c:\users\david\desktop\ogl_tutorials\ogl_tutorials\asteroids\debug\collision.obj
c:\users\david\desktop\ogl_tutorials\ogl_tutorials\asteroids\debug\gamescene.obj
c:\users\david\desktop\ogl_tutorials\ogl_tutorials\asteroids\debug\gizmos.obj
c:\users\david\desktop\ogl_tutorials\ogl_tutorials\asteroids\debug\main.obj
c:\users\david\desktop\ogl_tutorials\ogl_tutorials\asteroids\debug\menusystem.obj
c:\users\david\desktop\ogl_tutorials\ogl_tutorials\asteroids\debug\particles.obj
c:\users\david\desktop\ogl_tutorials\ogl_tutorials\asteroids\debug\player.obj
c:\users\david\desktop\ogl_tutorials\ogl_tutorials\asteroids\debug\fmodmanager.obj
c:\users\david\desktop\ogl_tutorials\ogl_tutorials\asteroids\debug\saucer.obj
c:\users\david\desktop\ogl_tutorials\ogl_tutorials\asteroids\debug\textrender.obj
c:\users\david\desktop\ogl_tutorials\debug\asteroids.ilk
c:\users\david\desktop\ogl_tutorials\debug\asteroids.exe
c:\users\david\desktop\ogl_tutorials\debug\asteroids.pdb
c:\users\david\desktop\ogl_tutorials\ogl_tutorials\asteroids\debug\asteroids.tlog\cl.command.1.tlog
c:\users\david\desktop\ogl_tutorials\ogl_tutorials\asteroids\debug\asteroids.tlog\cl.read.1.tlog
c:\users\david\desktop\ogl_tutorials\ogl_tutorials\asteroids\debug\asteroids.tlog\cl.write.1.tlog
c:\users\david\desktop\ogl_tutorials\ogl_tutorials\asteroids\debug\asteroids.tlog\link.command.1.tlog
c:\users\david\desktop\ogl_tutorials\ogl_tutorials\asteroids\debug\asteroids.tlog\link.read.1.tlog
c:\users\david\desktop\ogl_tutorials\ogl_tutorials\asteroids\debug\asteroids.tlog\link.write.1.tlog
