  Asteroids.cpp
  FModManager.cpp
  GameScene.cpp
  MenuSystem.cpp
  Player.cpp
Player.cpp(51): warning C4244: 'initializing': conversion from 'double' to 'float', possible loss of data
  Saucer.cpp
  TextRender.cpp
TextRender.cpp(139): warning C4838: conversion from 'FT_Pos' to 'GLuint' requires a narrowing conversion
  main.cpp
main.cpp(8): warning C4244: 'argument': conversion from 'time_t' to 'unsigned int', possible loss of data
main.cpp(66): warning C4244: 'initializing': conversion from 'double' to 'float', possible loss of data
LINK : warning LNK4098: defaultlib 'LIBCMT' conflicts with use of other libs; use /NODEFAULTLIB:library
  Generating code
  51 of 669 functions ( 7.6%) were compiled, the rest were copied from previous compilation.
    0 functions were new in current compilation
    13 functions had inline decision re-evaluated but remain unchanged
  Finished generating code
glew32s.lib(glew.obj) : warning LNK4099: PDB 'vc120.pdb' was not found with 'glew32s.lib(glew.obj)' or at 'C:\Users\David\Desktop\OGL_tutorials\Release\vc120.pdb'; linking object as if no debug info
  Asteroids.vcxproj -> C:\Users\David\Desktop\OGL_tutorials\Release\Asteroids.exe
  Asteroids.vcxproj -> C:\Users\David\Desktop\OGL_tutorials\Release\Asteroids.pdb (Full PDB)
